<?xml version="1.0" encoding="UTF-8"?>
<testng-results ignored="0" total="1" passed="1" failed="0" skipped="0">
  <reporter-output>
  </reporter-output>
  <suite started-at="2022-12-23T10:32:09 IST" name="Suite" finished-at="2022-12-23T10:32:39 IST" duration-ms="29808">
    <groups>
    </groups>
    <test started-at="2022-12-23T10:32:09 IST" name="Test" finished-at="2022-12-23T10:32:39 IST" duration-ms="29808">
      <class name="com.myshop.testcases.TC_RegisteredUserLoginTest">
        <test-method is-config="true" signature="setup()[pri:0, instance:com.myshop.testcases.TC_RegisteredUserLoginTest@402bba4f]" started-at="2022-12-23T10:32:10 IST" name="setup" finished-at="2022-12-23T10:32:22 IST" duration-ms="11993" status="PASS">
          <reporter-output>
          </reporter-output>
        </test-method> <!-- setup -->
        <test-method signature="verifyRegistrationAndLogin()[pri:0, instance:com.myshop.testcases.TC_RegisteredUserLoginTest@402bba4f]" started-at="2022-12-23T10:32:22 IST" name="verifyRegistrationAndLogin" finished-at="2022-12-23T10:32:39 IST" duration-ms="16578" status="PASS">
          <reporter-output>
          </reporter-output>
        </test-method> <!-- verifyRegistrationAndLogin -->
        <test-method is-config="true" signature="tearDown()[pri:0, instance:com.myshop.testcases.TC_RegisteredUserLoginTest@402bba4f]" started-at="2022-12-23T10:32:39 IST" name="tearDown" finished-at="2022-12-23T10:32:39 IST" duration-ms="589" status="PASS">
          <reporter-output>
          </reporter-output>
        </test-method> <!-- tearDown -->
      </class> <!-- com.myshop.testcases.TC_RegisteredUserLoginTest -->
    </test> <!-- Test -->
  </suite> <!-- Suite -->
</testng-results>
